*.adminml.com
*.api.ua.com/
*.classdojo.co.uk
*.classdojo.com
*.doj.io
*.dojo.me
*.gokangu.cl
*.gokangu.co
*.gokangu.mx
*.gokangu.uy
*.gop3.nl
*.governorofpoker.com
*.kangu.com.br
*.kangu.tech
*.mercadolibre.cl
*.mercadolibre.com
*.mercadolibre.com.ar
*.mercadolibre.com.co
*.mercadolibre.com.mx
*.mercadolibre.com.pe
*.mercadolibre.com.uy
*.mercadolivre.com.br
*.mercadopago.cl
*.mercadopago.com
*.mercadopago.com.ar
*.mercadopago.com.br
*.mercadopago.com.co
*.mercadopago.com.mx
*.mercadopago.com.pe
*.mercadopago.com.uy
*.mercadoshops.cl
*.mercadoshops.co.cr
*.mercadoshops.com
*.mercadoshops.com.ar
*.mercadoshops.com.br
*.mercadoshops.com.co
*.mercadoshops.com.do
*.mercadoshops.com.ec
*.mercadoshops.com.mx
*.mercadoshops.com.pa
*.mercadoshops.com.pe
*.mercadoshops.com.py
*.mercadoshops.com.uy
*.mlstatic.com
*.monopoly-poker.com
*.stag.tomorrowland.com
*.stag.weareone.world
*.weareone.world
*.wolt.com
