beamitmobile.com
getorigen.com
getsurenow.com
insuritly.com
origenapp.com
origenbanking.com
origencard.com
origendebit.com
origenfinance.com
remilty.net
remilty.org
remitir.com
remitiy.com
remitly-3pjs.com
remitly-vendor.com
remitly.ca
remitly.cash
remitly.co
remitly.co.uk
remitly.com.au
remitly.com.mx
remitly.de
remitly.es
remitly.eu
remitly.fr
remitly.jp
remitly.me
remitly.mx
remitly.net
remitly.org
remitly.uk
remitly.xyz
remitlyapi.com
remitlycard.com
remitlycredit.com
remitlydata.com
remitlyit.com
remitlypay.com
remitlypayments.com
remitlytest.com
remitlywallet.com
remitresearch.com
travelcash.money
whyisend.com
